Arguments: 
  C:\Program Files\nodejs\node.exe C:\Users\m.zaitsev\AppData\Roaming\npm\node_modules\yarn\bin\yarn.js add react-query

PATH: 
  C:\Program Files (x86)\Common Files\Oracle\Java\javapath;C:\Windows\system32;C:\Windows;C:\Windows\System32\Wbem;C:\Windows\System32\WindowsPowerShell\v1.0\;C:\Windows\System32\OpenSSH\;C:\Users\m.zaitsev\AppData\Roaming\nvm;C:\Program Files\nodejs;C:\Program Files\Docker\Docker\resources\bin;C:\Users\m.zaitsev\AppData\Local\Microsoft\WindowsApps;C:\Users\m.zaitsev\AppData\Local\Programs\Microsoft VS Code\bin;C:\Users\m.zaitsev\AppData\Roaming\npm;C:\Users\m.zaitsev\AppData\Local\Programs\Git\cmd;C:\Users\m.zaitsev\AppData\Roaming\nvm;C:\Program Files\nodejs;C:\Program Files\JetBrains\WebStorm 2022.3\bin;;C:\Users\m.zaitsev\AppData\Local\Programs\Python\Python311;;C:\Users\m.zaitsev\Documents\work\pet_projects\contexto\node_modules\.bin

Yarn version: 
  1.22.19

Node version: 
  17.0.0

Platform: 
  win32 x64

Trace: 
  Error: EPERM: operation not permitted, unlink 'C:\Users\m.zaitsev\Documents\work\pet_projects\contexto\node_modules\@esbuild\win32-x64\esbuild.exe'

npm manifest: 
  {
    "name": "contexto",
    "private": true,
    "version": "0.0.0",
    "type": "module",
    "scripts": {
      "dev": "vite",
      "build": "vite build",
      "lint": "eslint src --ext js,jsx --report-unused-disable-directives --max-warnings 0",
      "preview": "vite preview"
    },
    "dependencies": {
      "react": "^18.2.0",
      "react-dom": "^18.2.0"
    },
    "devDependencies": {
      "@types/react": "^18.0.37",
      "@types/react-dom": "^18.0.11",
      "@vitejs/plugin-react": "^4.0.0",
      "eslint": "^8.38.0",
      "eslint-plugin-react": "^7.32.2",
      "eslint-plugin-react-hooks": "^4.6.0",
      "eslint-plugin-react-refresh": "^0.3.4",
      "vite": "^4.3.9"
    }
  }

yarn manifest: 
  No manifest

Lockfile: 
  No lockfile
